ERROR - 2024-01-04 14:02:05 --> mysqli_sql_exception: Column 'kodepengguna' cannot be null in C:\xampp\htdocs\paudnipkl\system\Database\MySQLi\Connection.php:292
Stack trace:
#0 C:\xampp\htdocs\paudnipkl\system\Database\MySQLi\Connection.php(292): mysqli->query('INSERT INTO `ve...', 0)
#1 C:\xampp\htdocs\paudnipkl\system\Database\BaseConnection.php(666): CodeIgniter\Database\MySQLi\Connection->execute('INSERT INTO `ve...')
#2 C:\xampp\htdocs\paudnipkl\system\Database\BaseConnection.php(593): CodeIgniter\Database\BaseConnection->simpleQuery('INSERT INTO `ve...')
#3 C:\xampp\htdocs\paudnipkl\system\Database\BaseBuilder.php(1916): CodeIgniter\Database\BaseConnection->query('INSERT INTO `ve...', Array, false)
#4 C:\xampp\htdocs\paudnipkl\app\Models\Databasemodel.php(18): CodeIgniter\Database\BaseBuilder->insert(Array)
#5 C:\xampp\htdocs\paudnipkl\app\Controllers\Kepsek_laporan.php(122): App\Models\Databasemodel->inserting('verifikasi', Array)
#6 C:\xampp\htdocs\paudnipkl\system\CodeIgniter.php(927): App\Controllers\Kepsek_laporan->terima('8')
#7 C:\xampp\htdocs\paudnipkl\system\CodeIgniter.php(482): CodeIgniter\CodeIgniter->runController(Object(App\Controllers\Kepsek_laporan))
#8 C:\xampp\htdocs\paudnipkl\system\CodeIgniter.php(351): CodeIgniter\CodeIgniter->handleRequest(NULL, Object(Config\Cache), false)
#9 C:\xampp\htdocs\paudnipkl\public\index.php(67): CodeIgniter\CodeIgniter->run()
#10 C:\xampp\htdocs\paudnipkl\system\Commands\Server\rewrite.php(46): require_once('C:\\xampp\\htdocs...')
#11 {main}
CRITICAL - 2024-01-04 14:02:15 --> Allowed memory size of 536870912 bytes exhausted (tried to allocate 268451840 bytes)
in APPPATH\Views\kepsek\laporan.php on line 69.
 1 [internal function]: CodeIgniter\Debug\Exceptions->shutdownHandler()
CRITICAL - 2024-01-04 14:02:28 --> Allowed memory size of 536870912 bytes exhausted (tried to allocate 266354688 bytes)
in APPPATH\Views\kepsek\laporan.php on line 69.
 1 [internal function]: CodeIgniter\Debug\Exceptions->shutdownHandler()
CRITICAL - 2024-01-04 14:02:48 --> Allowed memory size of 536870912 bytes exhausted (tried to allocate 266354688 bytes)
in APPPATH\Views\operator\laporan.php on line 72.
 1 [internal function]: CodeIgniter\Debug\Exceptions->shutdownHandler()
CRITICAL - 2024-01-04 14:03:17 --> Allowed memory size of 536870912 bytes exhausted (tried to allocate 266354688 bytes)
in APPPATH\Views\operator\laporan.php on line 72.
 1 [internal function]: CodeIgniter\Debug\Exceptions->shutdownHandler()
CRITICAL - 2024-01-04 14:07:36 --> Allowed memory size of 536870912 bytes exhausted (tried to allocate 266354688 bytes)
in APPPATH\Views\operator\laporan.php on line 72.
 1 [internal function]: CodeIgniter\Debug\Exceptions->shutdownHandler()
